<?xml version="1.0" encoding="utf-8" standalone="no"?>
<!--This file represents the results of running a test suite-->
<test-results name="C:\Documents and Settings\brocchi\Documenti\Visual Studio 2008\Projects\ioc\ioc.tests\bin\Release\ioc.tests.dll" total="2" errors="0" failures="0" not-run="0" inconclusive="0" ignored="0" skipped="0" invalid="0" date="2012-03-30" time="16:55:47">
  <environment nunit-version="2.6.0.12051" clr-version="2.0.50727.3625" os-version="Microsoft Windows NT 5.1.2600 Service Pack 3" platform="Win32NT" cwd="C:\Documents and Settings\brocchi\Documenti\Visual Studio 2008\Projects\ioc\ioc.tests\bin\Release" machine-name="PC-BROCCHI" user="brocchi" user-domain="PC-BROCCHI" />
  <culture-info current-culture="it-IT" current-uiculture="it-IT" />
  <test-suite type="Assembly" name="C:\Documents and Settings\brocchi\Documenti\Visual Studio 2008\Projects\ioc\ioc.tests\bin\Release\ioc.tests.dll" executed="True" result="Success" success="True" time="0.625" asserts="0">
    <results>
      <test-suite type="Namespace" name="ioc" executed="True" result="Success" success="True" time="0.625" asserts="0">
        <results>
          <test-suite type="Namespace" name="tests" executed="True" result="Success" success="True" time="0.625" asserts="0">
            <results>
              <test-suite type="TestFixture" name="modem_Tests" executed="True" result="Success" success="True" time="0.625" asserts="0">
                <results>
                  <test-case name="ioc.tests.modem_Tests.setModInput_ifLIUselected_returnsOK" executed="True" result="Success" success="True" time="0.578" asserts="1" />
                  <test-case name="ioc.tests.modem_Tests.x" executed="True" result="Success" success="True" time="0.000" asserts="0" />
                </results>
              </test-suite>
            </results>
          </test-suite>
        </results>
      </test-suite>
    </results>
  </test-suite>
</test-results>